{"D:\\vscode\\interview-tasks\\converge-interview-task\\src\\db\\knexfile.ts": {"path":"D:\\vscode\\interview-tasks\\converge-interview-task\\src\\db\\knexfile.ts","statementMap":{"0":{"start":{"line":2,"column":0},"end":{"line":2,"column":27}},"1":{"start":{"line":4,"column":28},"end":{"line":23,"column":2}},"2":{"start":{"line":25,"column":0},"end":{"line":25,"column":22}}},"fnMap":{},"branchMap":{},"s":{"0":3,"1":3,"2":3},"f":{},"b":{}}
,"D:\\vscode\\interview-tasks\\converge-interview-task\\src\\loaders\\databaseLoader.ts": {"path":"D:\\vscode\\interview-tasks\\converge-interview-task\\src\\loaders\\databaseLoader.ts","statementMap":{"0":{"start":{"line":1,"column":0},"end":{"line":1,"column":24}},"1":{"start":{"line":2,"column":0},"end":{"line":2,"column":36}},"2":{"start":{"line":4,"column":13},"end":{"line":4,"column":31}},"3":{"start":{"line":6,"column":0},"end":{"line":15,"column":2}},"4":{"start":{"line":6,"column":26},"end":{"line":15,"column":2}},"5":{"start":{"line":7,"column":2},"end":{"line":7,"column":46}},"6":{"start":{"line":8,"column":2},"end":{"line":13,"column":null}},"7":{"start":{"line":9,"column":4},"end":{"line":9,"column":43}},"8":{"start":{"line":11,"column":4},"end":{"line":11,"column":72}},"9":{"start":{"line":12,"column":4},"end":{"line":12,"column":27}},"10":{"start":{"line":14,"column":2},"end":{"line":14,"column":46}}},"fnMap":{"0":{"name":"(anonymous_8)","decl":{"start":{"line":6,"column":15},"end":{"line":6,"column":24}},"loc":{"start":{"line":6,"column":26},"end":{"line":15,"column":2}}},"1":{"name":"(anonymous_9)","decl":{"start":{"line":6,"column":26},"end":{"line":6,"column":null}},"loc":{"start":{"line":6,"column":26},"end":{"line":15,"column":1}}}},"branchMap":{},"s":{"0":3,"1":3,"2":3,"3":3,"4":0,"5":0,"6":0,"7":0,"8":0,"9":0,"10":0},"f":{"0":0,"1":0},"b":{}}
,"D:\\vscode\\interview-tasks\\converge-interview-task\\src\\models\\alertsModel.ts": {"path":"D:\\vscode\\interview-tasks\\converge-interview-task\\src\\models\\alertsModel.ts","statementMap":{"0":{"start":{"line":1,"column":0},"end":{"line":1,"column":47}},"1":{"start":{"line":2,"column":0},"end":{"line":2,"column":49}},"2":{"start":{"line":3,"column":0},"end":{"line":3,"column":58}},"3":{"start":{"line":5,"column":28},"end":{"line":14,"column":2}},"4":{"start":{"line":5,"column":79},"end":{"line":14,"column":2}},"5":{"start":{"line":6,"column":21},"end":{"line":6,"column":31}},"6":{"start":{"line":8,"column":21},"end":{"line":8,"column":60}},"7":{"start":{"line":10,"column":2},"end":{"line":13,"column":13}},"8":{"start":{"line":5,"column":13},"end":{"line":5,"column":28}},"9":{"start":{"line":16,"column":28},"end":{"line":20,"column":2}},"10":{"start":{"line":16,"column":55},"end":{"line":20,"column":2}},"11":{"start":{"line":17,"column":17},"end":{"line":17,"column":89}},"12":{"start":{"line":19,"column":2},"end":{"line":19,"column":29}},"13":{"start":{"line":16,"column":13},"end":{"line":16,"column":28}},"14":{"start":{"line":22,"column":24},"end":{"line":34,"column":2}},"15":{"start":{"line":22,"column":51},"end":{"line":34,"column":2}},"16":{"start":{"line":23,"column":17},"end":{"line":27,"column":33}},"17":{"start":{"line":29,"column":2},"end":{"line":31,"column":null}},"18":{"start":{"line":30,"column":4},"end":{"line":30,"column":47}},"19":{"start":{"line":33,"column":2},"end":{"line":33,"column":32}},"20":{"start":{"line":22,"column":13},"end":{"line":22,"column":24}},"21":{"start":{"line":36,"column":26},"end":{"line":38,"column":2}},"22":{"start":{"line":36,"column":94},"end":{"line":38,"column":2}},"23":{"start":{"line":37,"column":2},"end":{"line":37,"column":130}},"24":{"start":{"line":36,"column":13},"end":{"line":36,"column":26}}},"fnMap":{"0":{"name":"(anonymous_7)","decl":{"start":{"line":5,"column":28},"end":{"line":5,"column":35}},"loc":{"start":{"line":5,"column":79},"end":{"line":14,"column":2}}},"1":{"name":"(anonymous_8)","decl":{"start":{"line":5,"column":79},"end":{"line":5,"column":null}},"loc":{"start":{"line":5,"column":79},"end":{"line":14,"column":1}}},"2":{"name":"(anonymous_9)","decl":{"start":{"line":16,"column":28},"end":{"line":16,"column":35}},"loc":{"start":{"line":16,"column":55},"end":{"line":20,"column":2}}},"3":{"name":"(anonymous_10)","decl":{"start":{"line":16,"column":55},"end":{"line":16,"column":null}},"loc":{"start":{"line":16,"column":55},"end":{"line":20,"column":1}}},"4":{"name":"(anonymous_11)","decl":{"start":{"line":22,"column":24},"end":{"line":22,"column":31}},"loc":{"start":{"line":22,"column":51},"end":{"line":34,"column":2}}},"5":{"name":"(anonymous_12)","decl":{"start":{"line":22,"column":51},"end":{"line":22,"column":null}},"loc":{"start":{"line":22,"column":51},"end":{"line":34,"column":1}}},"6":{"name":"(anonymous_13)","decl":{"start":{"line":36,"column":26},"end":{"line":36,"column":33}},"loc":{"start":{"line":36,"column":94},"end":{"line":38,"column":2}}},"7":{"name":"(anonymous_14)","decl":{"start":{"line":36,"column":94},"end":{"line":36,"column":null}},"loc":{"start":{"line":36,"column":94},"end":{"line":38,"column":1}}}},"branchMap":{"0":{"loc":{"start":{"line":29,"column":2},"end":{"line":31,"column":null}},"type":"if","locations":[{"start":{"line":29,"column":2},"end":{"line":31,"column":null}},{"start":{"line":29,"column":2},"end":{"line":31,"column":null}}]}},"s":{"0":1,"1":1,"2":1,"3":1,"4":1,"5":1,"6":1,"7":1,"8":1,"9":1,"10":1,"11":1,"12":1,"13":1,"14":1,"15":1,"16":1,"17":1,"18":0,"19":1,"20":1,"21":1,"22":1,"23":1,"24":1},"f":{"0":1,"1":1,"2":1,"3":1,"4":1,"5":1,"6":1,"7":1},"b":{"0":[0,1]}}
,"D:\\vscode\\interview-tasks\\converge-interview-task\\src\\models\\locationModel.ts": {"path":"D:\\vscode\\interview-tasks\\converge-interview-task\\src\\models\\locationModel.ts","statementMap":{"0":{"start":{"line":1,"column":0},"end":{"line":1,"column":47}},"1":{"start":{"line":2,"column":0},"end":{"line":2,"column":49}},"2":{"start":{"line":4,"column":39},"end":{"line":14,"column":2}},"3":{"start":{"line":4,"column":66},"end":{"line":14,"column":2}},"4":{"start":{"line":5,"column":17},"end":{"line":5,"column":134}},"5":{"start":{"line":7,"column":21},"end":{"line":7,"column":33}},"6":{"start":{"line":9,"column":2},"end":{"line":11,"column":null}},"7":{"start":{"line":10,"column":4},"end":{"line":10,"column":52}},"8":{"start":{"line":13,"column":2},"end":{"line":13,"column":20}},"9":{"start":{"line":4,"column":13},"end":{"line":4,"column":39}}},"fnMap":{"0":{"name":"(anonymous_7)","decl":{"start":{"line":4,"column":39},"end":{"line":4,"column":46}},"loc":{"start":{"line":4,"column":66},"end":{"line":14,"column":2}}},"1":{"name":"(anonymous_8)","decl":{"start":{"line":4,"column":66},"end":{"line":4,"column":null}},"loc":{"start":{"line":4,"column":66},"end":{"line":14,"column":1}}}},"branchMap":{"0":{"loc":{"start":{"line":9,"column":2},"end":{"line":11,"column":null}},"type":"if","locations":[{"start":{"line":9,"column":2},"end":{"line":11,"column":null}},{"start":{"line":9,"column":2},"end":{"line":11,"column":null}}]}},"s":{"0":2,"1":2,"2":2,"3":2,"4":2,"5":2,"6":2,"7":0,"8":2,"9":2},"f":{"0":2,"1":2},"b":{"0":[0,2]}}
,"D:\\vscode\\interview-tasks\\converge-interview-task\\src\\models\\sensorModel.ts": {"path":"D:\\vscode\\interview-tasks\\converge-interview-task\\src\\models\\sensorModel.ts","statementMap":{"0":{"start":{"line":1,"column":0},"end":{"line":1,"column":47}},"1":{"start":{"line":3,"column":0},"end":{"line":3,"column":49}},"2":{"start":{"line":9,"column":36},"end":{"line":20,"column":2}},"3":{"start":{"line":9,"column":90},"end":{"line":20,"column":2}},"4":{"start":{"line":10,"column":17},"end":{"line":15,"column":29}},"5":{"start":{"line":17,"column":2},"end":{"line":19,"column":null}},"6":{"start":{"line":18,"column":4},"end":{"line":18,"column":74}},"7":{"start":{"line":9,"column":13},"end":{"line":9,"column":36}},"8":{"start":{"line":25,"column":28},"end":{"line":31,"column":2}},"9":{"start":{"line":25,"column":82},"end":{"line":31,"column":2}},"10":{"start":{"line":26,"column":2},"end":{"line":30,"column":5}},"11":{"start":{"line":25,"column":13},"end":{"line":25,"column":28}},"12":{"start":{"line":36,"column":33},"end":{"line":42,"column":2}},"13":{"start":{"line":36,"column":60},"end":{"line":42,"column":2}},"14":{"start":{"line":37,"column":17},"end":{"line":37,"column":89}},"15":{"start":{"line":39,"column":2},"end":{"line":41,"column":null}},"16":{"start":{"line":40,"column":4},"end":{"line":40,"column":52}},"17":{"start":{"line":36,"column":13},"end":{"line":36,"column":33}},"18":{"start":{"line":48,"column":29},"end":{"line":57,"column":2}},"19":{"start":{"line":48,"column":82},"end":{"line":57,"column":2}},"20":{"start":{"line":49,"column":18},"end":{"line":49,"column":139}},"21":{"start":{"line":51,"column":33},"end":{"line":54,"column":4}},"22":{"start":{"line":56,"column":2},"end":{"line":56,"column":17}},"23":{"start":{"line":48,"column":13},"end":{"line":48,"column":29}}},"fnMap":{"0":{"name":"(anonymous_7)","decl":{"start":{"line":9,"column":36},"end":{"line":9,"column":43}},"loc":{"start":{"line":9,"column":90},"end":{"line":20,"column":2}}},"1":{"name":"(anonymous_8)","decl":{"start":{"line":9,"column":90},"end":{"line":9,"column":null}},"loc":{"start":{"line":9,"column":90},"end":{"line":20,"column":1}}},"2":{"name":"(anonymous_9)","decl":{"start":{"line":25,"column":28},"end":{"line":25,"column":35}},"loc":{"start":{"line":25,"column":82},"end":{"line":31,"column":2}}},"3":{"name":"(anonymous_10)","decl":{"start":{"line":25,"column":82},"end":{"line":25,"column":null}},"loc":{"start":{"line":25,"column":82},"end":{"line":31,"column":1}}},"4":{"name":"(anonymous_11)","decl":{"start":{"line":36,"column":33},"end":{"line":36,"column":40}},"loc":{"start":{"line":36,"column":60},"end":{"line":42,"column":2}}},"5":{"name":"(anonymous_12)","decl":{"start":{"line":36,"column":60},"end":{"line":36,"column":null}},"loc":{"start":{"line":36,"column":60},"end":{"line":42,"column":1}}},"6":{"name":"(anonymous_13)","decl":{"start":{"line":48,"column":29},"end":{"line":48,"column":36}},"loc":{"start":{"line":48,"column":82},"end":{"line":57,"column":2}}},"7":{"name":"(anonymous_14)","decl":{"start":{"line":48,"column":82},"end":{"line":48,"column":null}},"loc":{"start":{"line":48,"column":82},"end":{"line":57,"column":1}}}},"branchMap":{"0":{"loc":{"start":{"line":17,"column":2},"end":{"line":19,"column":null}},"type":"if","locations":[{"start":{"line":17,"column":2},"end":{"line":19,"column":null}},{"start":{"line":17,"column":2},"end":{"line":19,"column":null}}]},"1":{"loc":{"start":{"line":17,"column":15},"end":{"line":17,"column":17}},"type":"cond-expr","locations":[{"start":{"line":17,"column":15},"end":{"line":17,"column":17}},{"start":{"line":17,"column":15},"end":{"line":17,"column":26}}]},"2":{"loc":{"start":{"line":17,"column":6},"end":{"line":17,"column":17}},"type":"binary-expr","locations":[{"start":{"line":17,"column":6},"end":{"line":17,"column":17}},{"start":{"line":17,"column":15},"end":{"line":17,"column":17}}]},"3":{"loc":{"start":{"line":39,"column":2},"end":{"line":41,"column":null}},"type":"if","locations":[{"start":{"line":39,"column":2},"end":{"line":41,"column":null}},{"start":{"line":39,"column":2},"end":{"line":41,"column":null}}]},"4":{"loc":{"start":{"line":39,"column":16},"end":{"line":39,"column":18}},"type":"cond-expr","locations":[{"start":{"line":39,"column":16},"end":{"line":39,"column":18}},{"start":{"line":39,"column":16},"end":{"line":39,"column":27}}]},"5":{"loc":{"start":{"line":39,"column":7},"end":{"line":39,"column":18}},"type":"binary-expr","locations":[{"start":{"line":39,"column":7},"end":{"line":39,"column":18}},{"start":{"line":39,"column":16},"end":{"line":39,"column":18}}]}},"s":{"0":1,"1":1,"2":1,"3":1,"4":1,"5":1,"6":1,"7":1,"8":1,"9":1,"10":1,"11":1,"12":1,"13":1,"14":1,"15":1,"16":1,"17":1,"18":1,"19":1,"20":1,"21":1,"22":1,"23":1},"f":{"0":1,"1":1,"2":1,"3":1,"4":1,"5":1,"6":1,"7":1},"b":{"0":[1,0],"1":[0,1],"2":[1,1],"3":[1,0],"4":[1,0],"5":[1,1]}}
,"D:\\vscode\\interview-tasks\\converge-interview-task\\src\\utils\\errorHandler.ts": {"path":"D:\\vscode\\interview-tasks\\converge-interview-task\\src\\utils\\errorHandler.ts","statementMap":{"0":{"start":{"line":5,"column":4},"end":{"line":5,"column":19}},"1":{"start":{"line":6,"column":4},"end":{"line":6,"column":33}},"2":{"start":{"line":1,"column":0},"end":{"line":1,"column":13}}},"fnMap":{"0":{"name":"(anonymous_0)","decl":{"start":{"line":4,"column":2},"end":{"line":4,"column":14}},"loc":{"start":{"line":4,"column":50},"end":{"line":7,"column":3}}}},"branchMap":{},"s":{"0":2,"1":2,"2":3},"f":{"0":2},"b":{}}
}
