TN:
SF:src\db\knexfile.ts
FNF:0
FNH:0
DA:2,3
DA:4,3
DA:25,3
LF:3
LH:3
BRF:0
BRH:0
end_of_record
TN:
SF:src\loaders\databaseLoader.ts
FN:6,(anonymous_8)
FN:6,(anonymous_9)
FNF:2
FNH:0
FNDA:0,(anonymous_8)
FNDA:0,(anonymous_9)
DA:1,3
DA:2,3
DA:4,3
DA:6,3
DA:7,0
DA:8,0
DA:9,0
DA:11,0
DA:12,0
DA:14,0
LF:10
LH:4
BRF:0
BRH:0
end_of_record
TN:
SF:src\models\alertsModel.ts
FN:5,(anonymous_7)
FN:5,(anonymous_8)
FN:16,(anonymous_9)
FN:16,(anonymous_10)
FN:22,(anonymous_11)
FN:22,(anonymous_12)
FN:36,(anonymous_13)
FN:36,(anonymous_14)
FNF:8
FNH:8
FNDA:1,(anonymous_7)
FNDA:1,(anonymous_8)
FNDA:1,(anonymous_9)
FNDA:1,(anonymous_10)
FNDA:1,(anonymous_11)
FNDA:1,(anonymous_12)
FNDA:1,(anonymous_13)
FNDA:1,(anonymous_14)
DA:1,1
DA:2,1
DA:3,1
DA:5,1
DA:6,1
DA:8,1
DA:10,1
DA:16,1
DA:17,1
DA:19,1
DA:22,1
DA:23,1
DA:29,1
DA:30,0
DA:33,1
DA:36,1
DA:37,1
LF:17
LH:16
BRDA:29,0,0,0
BRDA:29,0,1,1
BRF:2
BRH:1
end_of_record
TN:
SF:src\models\locationModel.ts
FN:4,(anonymous_7)
FN:4,(anonymous_8)
FNF:2
FNH:2
FNDA:2,(anonymous_7)
FNDA:2,(anonymous_8)
DA:1,2
DA:2,2
DA:4,2
DA:5,2
DA:7,2
DA:9,2
DA:10,0
DA:13,2
LF:8
LH:7
BRDA:9,0,0,0
BRDA:9,0,1,2
BRF:2
BRH:1
end_of_record
TN:
SF:src\models\sensorModel.ts
FN:9,(anonymous_7)
FN:9,(anonymous_8)
FN:25,(anonymous_9)
FN:25,(anonymous_10)
FN:36,(anonymous_11)
FN:36,(anonymous_12)
FN:48,(anonymous_13)
FN:48,(anonymous_14)
FNF:8
FNH:8
FNDA:1,(anonymous_7)
FNDA:1,(anonymous_8)
FNDA:1,(anonymous_9)
FNDA:1,(anonymous_10)
FNDA:1,(anonymous_11)
FNDA:1,(anonymous_12)
FNDA:1,(anonymous_13)
FNDA:1,(anonymous_14)
DA:1,1
DA:3,1
DA:9,1
DA:10,1
DA:17,1
DA:18,1
DA:25,1
DA:26,1
DA:36,1
DA:37,1
DA:39,1
DA:40,1
DA:48,1
DA:49,1
DA:51,1
DA:56,1
LF:16
LH:16
BRDA:17,0,0,1
BRDA:17,0,1,0
BRDA:17,1,0,0
BRDA:17,1,1,1
BRDA:17,2,0,1
BRDA:17,2,1,1
BRDA:39,3,0,1
BRDA:39,3,1,0
BRDA:39,4,0,1
BRDA:39,4,1,0
BRDA:39,5,0,1
BRDA:39,5,1,1
BRF:12
BRH:8
end_of_record
TN:
SF:src\utils\errorHandler.ts
FN:4,(anonymous_0)
FNF:1
FNH:1
FNDA:2,(anonymous_0)
DA:1,3
DA:5,2
DA:6,2
LF:3
LH:3
BRF:0
BRH:0
end_of_record
